#
# A fatal error has been detected by the Java Runtime Environment:
#
#  EXCEPTION_ACCESS_VIOLATION (0xc0000005) at pc=0x00007fff7b321be9, pid=6256, tid=6712
#
# JRE version:  (17.0.12+7) (build )
# Java VM: OpenJDK 64-Bit Server VM (17.0.12+7-LTS, mixed mode, sharing, tiered, unknown gc, windows-amd64)
# Problematic frame:
# C  [jimage.dll+0x1be9]
#
# No core dump will be written. Minidumps are not enabled by default on client versions of Windows
#
#

---------------  S U M M A R Y ------------

Command Line: 

Host: Intel(R) Celeron(R) N4120 CPU @ 1.10GHz, 4 cores, 3G,  Windows 10 , 64 bit Build 19041 (10.0.19041.4597)
Time: Tue Aug  6 04:05:21 2024 Paris, Madrid (heure duild 19041 (10.0.19041.4597) elapsed time: 0.256703 seconds (0d 0h 0m 0s)

---------------  T H R E A D  ---------------

Current thread is native thread

Stack: [0x0000003329600000,0x0000003329700000],  sp=0x00000033296fd6a0,  free space=1013k
Native frames: (J=compiled Java code, j=interpreted, Vv=VM code, C=native code)
C  [jimage.dll+0x1be9]
C  [jimage.dll+0x1d77]
C  [jimage.dll+0x2655]
V  [jvm.dll+0x1f331a]
V  [jvm.dll+0xb0f8e]
V  [jvm.dll+0x7e6bdc]
V  [jvm.dll+0x3f0adf]
V  [jvm.dll+0x3f2631]
C  [jli.dll+0x528f]
C  [ucrtbase.dll+0x21bb2]
C  [KERNEL32.DLL+0x17374]
C  [ntdll.dll+0x4cc91]


siginfo: EXCEPTION_ACCESS_VIOLATION (0xc0000005), reading address 0x000000000001b200


Registers:
RAX=0x0000000000006c79, RBX=0x00000033296fd791, RCX=0x00007fff7b326000, RDX=0x0000000000006c79
RSP=0x00000033296fd6a0, RBP=0x00000033296fd790, RSI=0x0000000000007347, RDI=0x00000033296fd790
R8 =0x00007fff7b324288, R9 =0x000000000000001c, R10=0x00007fff606e0000, R11=0x00007fff7b326000
R12=0x0000000000000001, R13=0x0000016b40682a00, R14=0x00000033296fe800, R15=0x00007fff45d6ad68
RIP=0x00007fff7b321be9, EFLAGS=0x0000000000010246


Top of Stack: (sp=0x00000033296fd6a0)
0x00000033296fd6a0:   0000000000000000 00007fff83dbdf4c
0x00000033296fd6b0:   0000016b42807ab0 00000033296fd810
0x00000033296fd6c0:   0000016b4068b1f0 00007fff7b321d77
0x00000033296fd6d0:   000000000000000b 0000016b4068b1f0
0x00000033296fd6e0:   00000033296fd700 0000000000000010
0x00000033296fd6f0:   0000016b40769e00 0000016b42808ad0
0x00000033296fd700:   0000000000000000 0000000000000001
0x00000033296fd710:   0000016b42808ac0 0000000000000050
0x00000033296fd720:   0000000000000000 00007fff0000037f
0x00000033296fd730:   0000cd60d590db46 000000001c000519
0x00000033296fd740:   00007fff45d49820 0000000000000017
0x00000033296fd750:   0000016b4068b1f0 00000033296fe800
0x00000033296fd760:   000000000000000b 00007fff7b322655
0x00000033296fd770:   0000000000000627 0000000000000627
0x00000033296fd780:   0000000000000627 0000016b1c000519
0x00000033296fd790:   61622e6176616a2f 692f6b646a2f6573
0x00000033296fd7a0:   2f6c616e7265746e 6f6974706f2f6d76
0x00000033296fd7b0:   0000016b4000736e 00007fff000003ff
0x00000033296fd7c0:   0000000000000627 0000016b4280ed60
0x00000033296fd7d0:   0000000000000627 00007fff83daead2
0x00000033296fd7e0:   0000016b4280ed50 0000016b427f0000
0x00000033296fd7f0:   0000016b40670000 0000016b4280ed50
0x00000033296fd800:   0000016b000003ff 0000000000000627
0x00000033296fd810:   0000016b427f0000 0000016b05010004
0x00000033296fd820:   0000016b40678ad0 0000000000005e90
0x00000033296fd830:   00000000000005e9 0000016b40670150
0x00000033296fd840:   0000016b4280ed50 00007fff83d9e3a9
0x00000033296fd850:   0000016b40670000 00000033296fd8a0
0x00000033296fd860:   0000000000000000 0000000000000000
0x00000033296fd870:   0000000000001000 000000001c000519
0x00000033296fd880:   0000000000000004 00007fff8175ef82
0x00000033296fd890:   00000033296fd8e0 0000003302000002 

Instructions: (pc=0x00007fff7b321be9)
0x00007fff7b321ae9:   48 85 c9 74 1d 80 3d 1b 45 00 00 00 74 06 48 8b
0x00007fff7b321af9:   53 18 eb 04 48 8b 53 40 e8 ae 0e 00 00 48 83 63
0x00007fff7b321b09:   48 00 8b 4b 0c 83 f9 ff 74 09 e8 e4 0c 00 00 83
0x00007fff7b321b19:   4b 0c ff 48 8b 4b 70 48 85 c9 74 0f ba 10 00 00
0x00007fff7b321b29:   00 e8 fd 0e 00 00 48 83 63 70 00 48 83 c4 20 5b
0x00007fff7b321b39:   c3 cc cc 40 53 48 83 ec 20 48 8b d9 48 8d 0d d4
0x00007fff7b321b49:   46 00 00 e8 b3 0c 00 00 83 6b 08 01 75 24 48 8b
0x00007fff7b321b59:   d3 48 8d 0d b7 44 00 00 e8 22 08 00 00 48 8b cb
0x00007fff7b321b69:   e8 de fe ff ff ba 78 00 00 00 48 8b cb e8 b1 0e
0x00007fff7b321b79:   00 00 48 8d 0d 9e 46 00 00 48 83 c4 20 5b e9 80
0x00007fff7b321b89:   0c 00 00 48 89 5c 24 08 48 89 74 24 10 57 48 83
0x00007fff7b321b99:   ec 20 41 8b f1 4d 8b c8 48 8b fa 4c 8b d9 4d 85
0x00007fff7b321ba9:   c0 74 78 85 f6 74 74 44 8a 12 48 8d 5a 01 48 8b
0x00007fff7b321bb9:   d3 b8 93 01 00 01 eb 12 69 c0 93 01 00 01 41 0f
0x00007fff7b321bc9:   b6 ca 44 8a 12 33 c1 48 ff c2 45 84 d2 75 e9 4d
0x00007fff7b321bd9:   8b 03 0f ba f0 1f 33 d2 49 8b cb f7 f6 48 63 c2
0x00007fff7b321be9:   41 8b 14 81 41 ff 50 08 85 c0 7e 24 8a 0f eb 10
0x00007fff7b321bf9:   69 c0 93 01 00 01 0f b6 c9 33 c1 8a 0b 48 ff c3
0x00007fff7b321c09:   84 c9 75 ec 0f ba f0 1f 33 d2 f7 f6 8b c2 eb 0e
0x00007fff7b321c19:   79 09 83 c9 ff 2b c8 8b c1 eb 03 83 c8 ff 48 8b
0x00007fff7b321c29:   5c 24 30 48 8b 74 24 38 48 83 c4 20 5f c3 cc 48
0x00007fff7b321c39:   89 5c 24 08 48 89 74 24 10 57 48 83 ec 20 48 8b
0x00007fff7b321c49:   f1 48 8d 0d cf 45 00 00 e8 ae 0b 00 00 33 ff 39
0x00007fff7b321c59:   3d ba 43 00 00 76 24 48 8b 05 b9 43 00 00 48 8b
0x00007fff7b321c69:   d6 48 8b 1c f8 48 8b 0b e8 64 1e 00 00 85 c0 74
0x00007fff7b321c79:   2b ff c7 3b 3d 96 43 00 00 72 dc 33 db 48 8d 0d
0x00007fff7b321c89:   93 45 00 00 e8 7a 0b 00 00 48 8b 74 24 38 48 8b
0x00007fff7b321c99:   c3 48 8b 5c 24 30 48 83 c4 20 5f c3 ff 43 08 eb
0x00007fff7b321ca9:   dc cc cc 48 89 5c 24 08 48 89 74 24 10 57 48 83
0x00007fff7b321cb9:   ec 20 48 8b d9 48 8b f2 48 8b 49 10 49 8b f8 8b
0x00007fff7b321cc9:   53 30 48 8b 01 ff 50 20 4c 8b 43 50 48 8b d6 48
0x00007fff7b321cd9:   8b 4b 10 44 8b c8 e8 a8 fe ff ff 83 f8 ff 74 38 



---------------  P R O C E S S  ---------------

VM state: not at safepoint (not fully initialized)

VM Mutex/Monitor currently owned by a thread: None

GC Precious Log:
<Not initialized>


Dynamic libraries:
0x00007ff6da970000 - 0x00007ff6da97e000 	C:\Users\Shoirakan_TheDev\.jdks\corretto-17.0.12\bin\java.exe
0x00007fff83d90000 - 0x00007fff83f88000 	C:\WINDOWS\SYSTEM32\ntdll.dll
0x00007fff838d0000 - 0x00007fff83991000 	C:\WINDOWS\System32\KERNEL32.DLL
0x00007fff81910000 - 0x00007fff81c06000 	C:\WINDOWS\System32\KERNELBASE.dll
0x00007fff81740000 - 0x00007fff81840000 	C:\WINDOWS\System32\ucrtbase.dll
0x00007fff606e0000 - 0x00007fff606fb000 	C:\Users\Shoirakan_TheDev\.jdks\corretto-17.0.12\bin\VCRUNTIME140.dll
0x00007fff7b330000 - 0x00007fff7b347000 	C:\Users\Shoirakan_TheDev\.jdks\corretto-17.0.12\bin\jli.dll
0x00007fff62c40000 - 0x00007fff62eda000 	C:\WINDOWS\WinSxS\amd64_microsoft.windows.common-controls_6595b64144ccf1df_6.0.19041.4355_none_60b8b9eb71f62e16\COMCTL32.dll
0x00007fff83b50000 - 0x00007fff83cef000 	C:\WINDOWS\System32\USER32.dll
0x00007fff818e0000 - 0x00007fff81902000 	C:\WINDOWS\System32\win32u.dll
0x00007fff83830000 - 0x00007fff838ce000 	C:\WINDOWS\System32\msvcrt.dll
0x00007fff81dc0000 - 0x00007fff81deb000 	C:\WINDOWS\System32\GDI32.dll
0x00007fff81580000 - 0x00007fff81697000 	C:\WINDOWS\System32\gdi32full.dll
0x00007fff81840000 - 0x00007fff818dd000 	C:\WINDOWS\System32\msvcp_win.dll
0x00007fff82fe0000 - 0x00007fff8300f000 	C:\WINDOWS\System32\IMM32.DLL
0x00007fff7c080000 - 0x00007fff7c08c000 	C:\Users\Shoirakan_TheDev\.jdks\corretto-17.0.12\bin\vcruntime140_1.dll
0x00007fff54950000 - 0x00007fff549dd000 	C:\Users\Shoirakan_TheDev\.jdks\corretto-17.0.12\bin\msvcp140.dll
0x00007fff45430000 - 0x00007fff4609a000 	C:\Users\Shoirakan_TheDev\.jdks\corretto-17.0.12\bin\server\jvm.dll
0x00007fff83780000 - 0x00007fff83830000 	C:\WINDOWS\System32\ADVAPI32.dll
0x00007fff821c0000 - 0x00007fff82260000 	C:\WINDOWS\System32\sechost.dll
0x00007fff82a10000 - 0x00007fff82b33000 	C:\WINDOWS\System32\RPCRT4.dll
0x00007fff81710000 - 0x00007fff81737000 	C:\WINDOWS\System32\bcrypt.dll
0x00007fff823f0000 - 0x00007fff8245b000 	C:\WINDOWS\System32\WS2_32.dll
0x00007fff811e0000 - 0x00007fff8122b000 	C:\WINDOWS\SYSTEM32\POWRPROF.dll
0x00007fff798c0000 - 0x00007fff798ca000 	C:\WINDOWS\SYSTEM32\VERSION.dll
0x00007fff64960000 - 0x00007fff64987000 	C:\WINDOWS\SYSTEM32\WINMM.dll
0x00007fff811c0000 - 0x00007fff811d2000 	C:\WINDOWS\SYSTEM32\UMPDC.dll
0x00007fff7fc10000 - 0x00007fff7fc22000 	C:\WINDOWS\SYSTEM32\kernel.appcore.dll
0x00007fff7b320000 - 0x00007fff7b32a000 	C:\Users\Shoirakan_TheDev\.jdks\corretto-17.0.12\bin\jimage.dll
0x00007fff7f100000 - 0x00007fff7f2e4000 	C:\WINDOWS\SYSTEM32\DBGHELP.DLL
0x00007fff6bae0000 - 0x00007fff6bb14000 	C:\WINDOWS\SYSTEM32\dbgcore.DLL
0x00007fff814f0000 - 0x00007fff81572000 	C:\WINDOWS\System32\bcryptPrimitives.dll

dbghelp: loaded successfully - version: 4.0.5 - missing functions: none
symbol engine: initialized successfully - sym options: 0x614 - pdb path: .;C:\Users\Shoirakan_TheDev\.jdks\corretto-17.0.12\bin;C:\WINDOWS\SYSTEM32;C:\WINDOWS\WinSxS\amd64_microsoft.windows.common-controls_6595b64144ccf1df_6.0.19041.4355_none_60b8b9eb71f62e16;C:\Users\Shoirakan_TheDev\.jdks\corretto-17.0.12\bin\server

VM Arguments:
java_command: <unknown>
java_class_path (initial): <not set>
Launcher Type: SUN_STANDARD

[Global flags]
     bool UseLargePagesIndividualAllocation        = false                                  {pd product} {ergonomic}

Logging:
Log output configuration:
 #0: stdout all=warning uptime,level,tags
 #1: stderr all=off uptime,level,tags

Environment Variables:
JAVA_HOME=C:\Program Files\Java\jdk-17
PATH=C:\Program Files\Common Files\Oracle\Java\javapath;C:\Program Files (x86)\Common Files\Oracle\Java\java8path;C:\Program Files (x86)\Common Files\Oracle\Java\javapath;C:\WINDOWS\system32;C:\WINDOWS;C:\WINDOWS\System32\Wbem;C:\WINDOWS\System32\WindowsPowerShell\v1.0\;C:\Program Files\dotnet\;C:\Users\Shoirakan_TheDev\AppData\Local\Microsoft\WindowsApps;C:\Users\Shoirakan_TheDev\AppData\Local\Programs\Microsoft VS Code\bin;C:\Program Files\Java\jdk-17\bin;
USERNAME=Shoirakan_TheDev
OS=Windows_NT
PROCESSOR_IDENTIFIER=Intel64 Family 6 Model 122 Stepping 8, GenuineIntel
TMP=C:\Users\SHOIRA~1\AppData\Local\Temp
TEMP=C:\Users\SHOIRA~1\AppData\Local\Temp



Periodic native trim disabled


---------------  S Y S T E M  ---------------

OS:
 Windows 10 , 64 bit Build 19041 (10.0.19041.4597)
OS uptime: 0 days 0:10 hours

CPU: total 4 (initial active 0) 
Processor Information for all 4 processors :
  Max Mhz: 1101, Current Mhz: 1101, Mhz Limit: 1101

Memory: 4k page, system-wide physical 3915M (649M free)
TotalPageFile size 9035M (AvailPageFile size 4249M)
current process WorkingSet (physical memory assigned to process): 7M, peak: 7M
current process commit charge ("private bytes"): 3M, peak: 3M

vm_info: OpenJDK 64-Bit Server VM (17.0.12+7-LTS) for windows-amd64 JRE (17.0.12+7-LTS), built on Jul 10 2024 20:46:33 by "Administrator" with MS VC++ 16.10 / 16.11 (VS2019)

END.
